[2026-03-18T16:36:48.417+0000] {local_task_job_runner.py:123} INFO - ::group::Pre task execution logs
[2026-03-18T16:36:48.501+0000] {taskinstance.py:2603} INFO - Dependencies all met for dep_context=non-requeueable deps ti=<TaskInstance: hkt_mia_pipeline.ingest_raw manual__2026-03-18T16:36:44.969667+00:00 [queued]>
[2026-03-18T16:36:48.543+0000] {taskinstance.py:2603} INFO - Dependencies all met for dep_context=requeueable deps ti=<TaskInstance: hkt_mia_pipeline.ingest_raw manual__2026-03-18T16:36:44.969667+00:00 [queued]>
[2026-03-18T16:36:48.546+0000] {taskinstance.py:2856} INFO - Starting attempt 1 of 2
[2026-03-18T16:36:48.609+0000] {taskinstance.py:2879} INFO - Executing <Task(BashOperator): ingest_raw> on 2026-03-18 16:36:44.969667+00:00
[2026-03-18T16:36:48.651+0000] {standard_task_runner.py:72} INFO - Started process 183 to run task
[2026-03-18T16:36:48.671+0000] {standard_task_runner.py:104} INFO - Running: ['***', 'tasks', 'run', 'hkt_mia_pipeline', 'ingest_raw', 'manual__2026-03-18T16:36:44.969667+00:00', '--job-id', '17', '--raw', '--subdir', 'DAGS_FOLDER/hkt_mia_pipeline_dag.py', '--cfg-path', '/tmp/tmpbwtp2ys2']
[2026-03-18T16:36:48.681+0000] {standard_task_runner.py:105} INFO - Job 17: Subtask ingest_raw
[2026-03-18T16:36:49.222+0000] {task_command.py:467} INFO - Running <TaskInstance: hkt_mia_pipeline.ingest_raw manual__2026-03-18T16:36:44.969667+00:00 [running]> on host 7439bb81005e
[2026-03-18T16:36:50.432+0000] {taskinstance.py:3122} INFO - Exporting env vars: AIRFLOW_CTX_DAG_OWNER='hkt-mia' AIRFLOW_CTX_DAG_ID='hkt_mia_pipeline' AIRFLOW_CTX_TASK_ID='ingest_raw' AIRFLOW_CTX_EXECUTION_DATE='2026-03-18T16:36:44.969667+00:00' AIRFLOW_CTX_TRY_NUMBER='1' AIRFLOW_CTX_DAG_RUN_ID='manual__2026-03-18T16:36:44.969667+00:00'
[2026-03-18T16:36:50.452+0000] {taskinstance.py:731} INFO - ::endgroup::
[2026-03-18T16:36:51.180+0000] {subprocess.py:63} INFO - Tmp dir root location: /tmp
[2026-03-18T16:36:51.201+0000] {subprocess.py:75} INFO - Running command: ['/usr/bin/bash', '-c', 'cd /opt/*** && python /opt/***/scripts/ingest_raw.py']
[2026-03-18T16:36:51.698+0000] {subprocess.py:86} INFO - Output:
[2026-03-18T16:36:58.319+0000] {subprocess.py:93} INFO - [RAW] /opt/***/data/raw/scenario_01_normal/clean/bon_commande.pdf -> MongoDB raw_zone
[2026-03-18T16:36:58.348+0000] {subprocess.py:93} INFO - [RAW] /opt/***/data/raw/scenario_01_normal/clean/devis.pdf -> MongoDB raw_zone
[2026-03-18T16:36:58.351+0000] {subprocess.py:93} INFO - [RAW] /opt/***/data/raw/scenario_01_normal/clean/facture.pdf -> MongoDB raw_zone
[2026-03-18T16:36:58.354+0000] {subprocess.py:93} INFO - [RAW] /opt/***/data/raw/scenario_02_siren_mismatch/clean/bon_commande.pdf -> MongoDB raw_zone
[2026-03-18T16:36:58.357+0000] {subprocess.py:93} INFO - [RAW] /opt/***/data/raw/scenario_02_siren_mismatch/clean/devis.pdf -> MongoDB raw_zone
[2026-03-18T16:36:58.360+0000] {subprocess.py:93} INFO - [RAW] /opt/***/data/raw/scenario_02_siren_mismatch/clean/facture.pdf -> MongoDB raw_zone
[2026-03-18T16:36:58.367+0000] {subprocess.py:93} INFO - [RAW] /opt/***/data/raw/scenario_03_fake_total/clean/bon_commande.pdf -> MongoDB raw_zone
[2026-03-18T16:36:58.370+0000] {subprocess.py:93} INFO - [RAW] /opt/***/data/raw/scenario_03_fake_total/clean/devis.pdf -> MongoDB raw_zone
[2026-03-18T16:36:58.372+0000] {subprocess.py:93} INFO - [RAW] /opt/***/data/raw/scenario_03_fake_total/clean/facture.pdf -> MongoDB raw_zone
[2026-03-18T16:36:58.905+0000] {subprocess.py:97} INFO - Command exited with return code 0
[2026-03-18T16:36:59.662+0000] {taskinstance.py:340} INFO - ::group::Post task execution logs
[2026-03-18T16:36:59.679+0000] {taskinstance.py:352} INFO - Marking task as SUCCESS. dag_id=hkt_mia_pipeline, task_id=ingest_raw, run_id=manual__2026-03-18T16:36:44.969667+00:00, execution_date=20260318T163644, start_date=20260318T163648, end_date=20260318T163659
[2026-03-18T16:36:59.929+0000] {local_task_job_runner.py:261} INFO - Task exited with return code 0
[2026-03-18T16:37:00.339+0000] {taskinstance.py:3891} INFO - 1 downstream tasks scheduled from follow-on schedule check
[2026-03-18T16:37:00.353+0000] {local_task_job_runner.py:240} INFO - ::endgroup::
