[2026-03-18T16:43:38.910+0000] {local_task_job_runner.py:123} INFO - ::group::Pre task execution logs
[2026-03-18T16:43:38.933+0000] {taskinstance.py:2603} INFO - Dependencies all met for dep_context=non-requeueable deps ti=<TaskInstance: hkt_mia_pipeline.build_clean manual__2026-03-18T16:43:31.546072+00:00 [queued]>
[2026-03-18T16:43:38.944+0000] {taskinstance.py:2603} INFO - Dependencies all met for dep_context=requeueable deps ti=<TaskInstance: hkt_mia_pipeline.build_clean manual__2026-03-18T16:43:31.546072+00:00 [queued]>
[2026-03-18T16:43:38.946+0000] {taskinstance.py:2856} INFO - Starting attempt 1 of 2
[2026-03-18T16:43:38.968+0000] {taskinstance.py:2879} INFO - Executing <Task(BashOperator): build_clean> on 2026-03-18 16:43:31.546072+00:00
[2026-03-18T16:43:38.977+0000] {standard_task_runner.py:72} INFO - Started process 364 to run task
[2026-03-18T16:43:38.981+0000] {standard_task_runner.py:104} INFO - Running: ['***', 'tasks', 'run', 'hkt_mia_pipeline', 'build_clean', 'manual__2026-03-18T16:43:31.546072+00:00', '--job-id', '22', '--raw', '--subdir', 'DAGS_FOLDER/hkt_mia_pipeline_dag.py', '--cfg-path', '/tmp/tmp9uznpx_k']
[2026-03-18T16:43:38.984+0000] {standard_task_runner.py:105} INFO - Job 22: Subtask build_clean
[2026-03-18T16:43:39.050+0000] {task_command.py:467} INFO - Running <TaskInstance: hkt_mia_pipeline.build_clean manual__2026-03-18T16:43:31.546072+00:00 [running]> on host 7439bb81005e
[2026-03-18T16:43:39.150+0000] {taskinstance.py:3122} INFO - Exporting env vars: AIRFLOW_CTX_DAG_OWNER='hkt-mia' AIRFLOW_CTX_DAG_ID='hkt_mia_pipeline' AIRFLOW_CTX_TASK_ID='build_clean' AIRFLOW_CTX_EXECUTION_DATE='2026-03-18T16:43:31.546072+00:00' AIRFLOW_CTX_TRY_NUMBER='1' AIRFLOW_CTX_DAG_RUN_ID='manual__2026-03-18T16:43:31.546072+00:00'
[2026-03-18T16:43:39.153+0000] {taskinstance.py:731} INFO - ::endgroup::
[2026-03-18T16:43:39.168+0000] {subprocess.py:63} INFO - Tmp dir root location: /tmp
[2026-03-18T16:43:39.174+0000] {subprocess.py:75} INFO - Running command: ['/usr/bin/bash', '-c', 'cd /opt/*** && python /opt/***/scripts/build_clean.py']
[2026-03-18T16:43:39.201+0000] {subprocess.py:86} INFO - Output:
[2026-03-18T16:43:54.584+0000] {subprocess.py:93} INFO - [CLEAN] /opt/***/data/clean/scenario_01_normal/bon_commande_ocr.json
[2026-03-18T16:43:54.599+0000] {subprocess.py:93} INFO - [CLEAN] /opt/***/data/clean/scenario_01_normal/devis_ocr.json
[2026-03-18T16:43:54.601+0000] {subprocess.py:93} INFO - [CLEAN] /opt/***/data/clean/scenario_01_normal/facture_ocr.json
[2026-03-18T16:43:54.602+0000] {subprocess.py:93} INFO - [CLEAN] /opt/***/data/clean/scenario_02_siren_mismatch/bon_commande_ocr.json
[2026-03-18T16:43:54.604+0000] {subprocess.py:93} INFO - [CLEAN] /opt/***/data/clean/scenario_02_siren_mismatch/devis_ocr.json
[2026-03-18T16:43:54.605+0000] {subprocess.py:93} INFO - [CLEAN] /opt/***/data/clean/scenario_02_siren_mismatch/facture_ocr.json
[2026-03-18T16:43:54.607+0000] {subprocess.py:93} INFO - [CLEAN] /opt/***/data/clean/scenario_03_fake_total/bon_commande_ocr.json
[2026-03-18T16:43:54.609+0000] {subprocess.py:93} INFO - [CLEAN] /opt/***/data/clean/scenario_03_fake_total/devis_ocr.json
[2026-03-18T16:43:54.611+0000] {subprocess.py:93} INFO - [CLEAN] /opt/***/data/clean/scenario_03_fake_total/facture_ocr.json
[2026-03-18T16:43:55.028+0000] {subprocess.py:97} INFO - Command exited with return code 0
[2026-03-18T16:43:55.171+0000] {taskinstance.py:340} INFO - ::group::Post task execution logs
[2026-03-18T16:43:55.175+0000] {taskinstance.py:352} INFO - Marking task as SUCCESS. dag_id=hkt_mia_pipeline, task_id=build_clean, run_id=manual__2026-03-18T16:43:31.546072+00:00, execution_date=20260318T164331, start_date=20260318T164338, end_date=20260318T164355
[2026-03-18T16:43:55.282+0000] {local_task_job_runner.py:261} INFO - Task exited with return code 0
[2026-03-18T16:43:55.366+0000] {taskinstance.py:3891} INFO - 1 downstream tasks scheduled from follow-on schedule check
[2026-03-18T16:43:55.373+0000] {local_task_job_runner.py:240} INFO - ::endgroup::
