[2026-03-18T14:02:21.940+0000] {local_task_job_runner.py:123} INFO - ::group::Pre task execution logs
[2026-03-18T14:02:22.013+0000] {taskinstance.py:2603} INFO - Dependencies all met for dep_context=non-requeueable deps ti=<TaskInstance: hkt_mia_pipeline.build_curated manual__2026-03-18T13:42:44.852110+00:00 [queued]>
[2026-03-18T14:02:22.051+0000] {taskinstance.py:2603} INFO - Dependencies all met for dep_context=requeueable deps ti=<TaskInstance: hkt_mia_pipeline.build_curated manual__2026-03-18T13:42:44.852110+00:00 [queued]>
[2026-03-18T14:02:22.053+0000] {taskinstance.py:2856} INFO - Starting attempt 1 of 2
[2026-03-18T14:02:22.102+0000] {taskinstance.py:2879} INFO - Executing <Task(BashOperator): build_curated> on 2026-03-18 13:42:44.852110+00:00
[2026-03-18T14:02:22.115+0000] {standard_task_runner.py:72} INFO - Started process 252 to run task
[2026-03-18T14:02:22.127+0000] {standard_task_runner.py:104} INFO - Running: ['***', 'tasks', 'run', 'hkt_mia_pipeline', 'build_curated', 'manual__2026-03-18T13:42:44.852110+00:00', '--job-id', '5', '--raw', '--subdir', 'DAGS_FOLDER/hkt_mia_pipeline_dag.py', '--cfg-path', '/tmp/tmpigb1onhg']
[2026-03-18T14:02:22.131+0000] {standard_task_runner.py:105} INFO - Job 5: Subtask build_curated
[2026-03-18T14:02:22.366+0000] {task_command.py:467} INFO - Running <TaskInstance: hkt_mia_pipeline.build_curated manual__2026-03-18T13:42:44.852110+00:00 [running]> on host ae3e5b35105b
[2026-03-18T14:02:22.631+0000] {taskinstance.py:3122} INFO - Exporting env vars: AIRFLOW_CTX_DAG_OWNER='hkt-mia' AIRFLOW_CTX_DAG_ID='hkt_mia_pipeline' AIRFLOW_CTX_TASK_ID='build_curated' AIRFLOW_CTX_EXECUTION_DATE='2026-03-18T13:42:44.852110+00:00' AIRFLOW_CTX_TRY_NUMBER='1' AIRFLOW_CTX_DAG_RUN_ID='manual__2026-03-18T13:42:44.852110+00:00'
[2026-03-18T14:02:22.635+0000] {taskinstance.py:731} INFO - ::endgroup::
[2026-03-18T14:02:22.758+0000] {subprocess.py:63} INFO - Tmp dir root location: /tmp
[2026-03-18T14:02:22.765+0000] {subprocess.py:75} INFO - Running command: ['/usr/bin/bash', '-c', 'cd /opt/*** && python /opt/***/scripts/build_curated.py']
[2026-03-18T14:02:22.791+0000] {subprocess.py:86} INFO - Output:
[2026-03-18T14:02:37.228+0000] {subprocess.py:93} INFO - [CURATED] /opt/***/data/curated/scenario_01_normal/bon_commande_structured.json
[2026-03-18T14:02:37.370+0000] {subprocess.py:93} INFO - [CURATED] /opt/***/data/curated/scenario_01_normal/devis_structured.json
[2026-03-18T14:02:37.376+0000] {subprocess.py:93} INFO - [CURATED] /opt/***/data/curated/scenario_01_normal/facture_structured.json
[2026-03-18T14:02:37.384+0000] {subprocess.py:93} INFO - [CURATED] /opt/***/data/curated/scenario_02_siren_mismatch/bon_commande_structured.json
[2026-03-18T14:02:37.387+0000] {subprocess.py:93} INFO - [CURATED] /opt/***/data/curated/scenario_02_siren_mismatch/devis_structured.json
[2026-03-18T14:02:37.391+0000] {subprocess.py:93} INFO - [CURATED] /opt/***/data/curated/scenario_02_siren_mismatch/facture_structured.json
[2026-03-18T14:02:37.401+0000] {subprocess.py:93} INFO - [CURATED] /opt/***/data/curated/scenario_03_fake_total/bon_commande_structured.json
[2026-03-18T14:02:37.407+0000] {subprocess.py:93} INFO - [CURATED] /opt/***/data/curated/scenario_03_fake_total/devis_structured.json
[2026-03-18T14:02:37.412+0000] {subprocess.py:93} INFO - [CURATED] /opt/***/data/curated/scenario_03_fake_total/facture_structured.json
[2026-03-18T14:02:37.553+0000] {subprocess.py:97} INFO - Command exited with return code 0
[2026-03-18T14:02:37.935+0000] {taskinstance.py:340} INFO - ::group::Post task execution logs
[2026-03-18T14:02:37.954+0000] {taskinstance.py:352} INFO - Marking task as SUCCESS. dag_id=hkt_mia_pipeline, task_id=build_curated, run_id=manual__2026-03-18T13:42:44.852110+00:00, execution_date=20260318T134244, start_date=20260318T140222, end_date=20260318T140237
[2026-03-18T14:02:38.371+0000] {local_task_job_runner.py:261} INFO - Task exited with return code 0
[2026-03-18T14:02:38.717+0000] {taskinstance.py:3891} INFO - 1 downstream tasks scheduled from follow-on schedule check
[2026-03-18T14:02:38.724+0000] {local_task_job_runner.py:240} INFO - ::endgroup::
