[2026-03-18T13:42:49.555+0000] {local_task_job_runner.py:123} INFO - ::group::Pre task execution logs
[2026-03-18T13:42:49.628+0000] {taskinstance.py:2603} INFO - Dependencies all met for dep_context=non-requeueable deps ti=<TaskInstance: hkt_mia_pipeline.build_clean manual__2026-03-18T13:42:44.852110+00:00 [queued]>
[2026-03-18T13:42:49.663+0000] {taskinstance.py:2603} INFO - Dependencies all met for dep_context=requeueable deps ti=<TaskInstance: hkt_mia_pipeline.build_clean manual__2026-03-18T13:42:44.852110+00:00 [queued]>
[2026-03-18T13:42:49.665+0000] {taskinstance.py:2856} INFO - Starting attempt 1 of 2
[2026-03-18T13:42:49.731+0000] {taskinstance.py:2879} INFO - Executing <Task(BashOperator): build_clean> on 2026-03-18 13:42:44.852110+00:00
[2026-03-18T13:42:49.747+0000] {standard_task_runner.py:72} INFO - Started process 183 to run task
[2026-03-18T13:42:49.767+0000] {standard_task_runner.py:104} INFO - Running: ['***', 'tasks', 'run', 'hkt_mia_pipeline', 'build_clean', 'manual__2026-03-18T13:42:44.852110+00:00', '--job-id', '2', '--raw', '--subdir', 'DAGS_FOLDER/hkt_mia_pipeline_dag.py', '--cfg-path', '/tmp/tmpfq0alrs_']
[2026-03-18T13:42:49.792+0000] {standard_task_runner.py:105} INFO - Job 2: Subtask build_clean
[2026-03-18T13:42:50.345+0000] {task_command.py:467} INFO - Running <TaskInstance: hkt_mia_pipeline.build_clean manual__2026-03-18T13:42:44.852110+00:00 [running]> on host 93054b09ee32
[2026-03-18T13:42:50.952+0000] {taskinstance.py:3122} INFO - Exporting env vars: AIRFLOW_CTX_DAG_OWNER='hkt-mia' AIRFLOW_CTX_DAG_ID='hkt_mia_pipeline' AIRFLOW_CTX_TASK_ID='build_clean' AIRFLOW_CTX_EXECUTION_DATE='2026-03-18T13:42:44.852110+00:00' AIRFLOW_CTX_TRY_NUMBER='1' AIRFLOW_CTX_DAG_RUN_ID='manual__2026-03-18T13:42:44.852110+00:00'
[2026-03-18T13:42:50.963+0000] {taskinstance.py:731} INFO - ::endgroup::
[2026-03-18T13:42:51.254+0000] {subprocess.py:63} INFO - Tmp dir root location: /tmp
[2026-03-18T13:42:51.283+0000] {subprocess.py:75} INFO - Running command: ['/usr/bin/bash', '-c', 'cd /opt/*** && python /opt/***/scripts/build_clean.py']
[2026-03-18T13:42:51.366+0000] {subprocess.py:86} INFO - Output:
[2026-03-18T13:42:53.920+0000] {subprocess.py:93} INFO - 
[2026-03-18T13:42:53.921+0000] {subprocess.py:93} INFO - A module that was compiled using NumPy 1.x cannot be run in
[2026-03-18T13:42:53.923+0000] {subprocess.py:93} INFO - NumPy 2.4.3 as it may crash. To support both 1.x and 2.x
[2026-03-18T13:42:53.925+0000] {subprocess.py:93} INFO - versions of NumPy, modules must be compiled with NumPy 2.0.
[2026-03-18T13:42:53.926+0000] {subprocess.py:93} INFO - Some module may need to rebuild instead e.g. with 'pybind11>=2.12'.
[2026-03-18T13:42:53.927+0000] {subprocess.py:93} INFO - 
[2026-03-18T13:42:53.928+0000] {subprocess.py:93} INFO - If you are a user of the module, the easiest solution will be to
[2026-03-18T13:42:53.929+0000] {subprocess.py:93} INFO - downgrade to 'numpy<2' or try to upgrade the affected module.
[2026-03-18T13:42:53.930+0000] {subprocess.py:93} INFO - We expect that some modules will need time to support NumPy 2.
[2026-03-18T13:42:53.932+0000] {subprocess.py:93} INFO - 
[2026-03-18T13:42:53.933+0000] {subprocess.py:93} INFO - Traceback (most recent call last):  File "/opt/***/scripts/build_clean.py", line 8, in <module>
[2026-03-18T13:42:53.935+0000] {subprocess.py:93} INFO -     from services.ocr import run_ocr, normalize_text, detect_document_type
[2026-03-18T13:42:53.937+0000] {subprocess.py:93} INFO -   File "/opt/***/services/ocr.py", line 3, in <module>
[2026-03-18T13:42:53.938+0000] {subprocess.py:93} INFO -     import pytesseract
[2026-03-18T13:42:53.939+0000] {subprocess.py:93} INFO -   File "/home/***/.local/lib/python3.11/site-packages/pytesseract/__init__.py", line 2, in <module>
[2026-03-18T13:42:53.940+0000] {subprocess.py:93} INFO -     from .pytesseract import ALTONotSupported
[2026-03-18T13:42:53.941+0000] {subprocess.py:93} INFO -   File "/home/***/.local/lib/python3.11/site-packages/pytesseract/pytesseract.py", line 42, in <module>
[2026-03-18T13:42:53.942+0000] {subprocess.py:93} INFO -     import pandas as pd
[2026-03-18T13:42:53.944+0000] {subprocess.py:93} INFO -   File "/home/***/.local/lib/python3.11/site-packages/pandas/__init__.py", line 23, in <module>
[2026-03-18T13:42:53.945+0000] {subprocess.py:93} INFO -     from pandas.compat import (
[2026-03-18T13:42:53.946+0000] {subprocess.py:93} INFO -   File "/home/***/.local/lib/python3.11/site-packages/pandas/compat/__init__.py", line 27, in <module>
[2026-03-18T13:42:53.948+0000] {subprocess.py:93} INFO -     from pandas.compat.pyarrow import (
[2026-03-18T13:42:53.949+0000] {subprocess.py:93} INFO -   File "/home/***/.local/lib/python3.11/site-packages/pandas/compat/pyarrow.py", line 8, in <module>
[2026-03-18T13:42:53.950+0000] {subprocess.py:93} INFO -     import pyarrow as pa
[2026-03-18T13:42:53.952+0000] {subprocess.py:93} INFO -   File "/home/***/.local/lib/python3.11/site-packages/pyarrow/__init__.py", line 65, in <module>
[2026-03-18T13:42:53.953+0000] {subprocess.py:93} INFO -     import pyarrow.lib as _lib
[2026-03-18T13:42:53.954+0000] {subprocess.py:93} INFO - AttributeError: _ARRAY_API not found
[2026-03-18T13:42:54.071+0000] {subprocess.py:93} INFO - Traceback (most recent call last):
[2026-03-18T13:42:54.073+0000] {subprocess.py:93} INFO -   File "/opt/***/scripts/build_clean.py", line 8, in <module>
[2026-03-18T13:42:54.075+0000] {subprocess.py:93} INFO -     from services.ocr import run_ocr, normalize_text, detect_document_type
[2026-03-18T13:42:54.076+0000] {subprocess.py:93} INFO -   File "/opt/***/services/ocr.py", line 3, in <module>
[2026-03-18T13:42:54.078+0000] {subprocess.py:93} INFO -     import pytesseract
[2026-03-18T13:42:54.079+0000] {subprocess.py:93} INFO -   File "/home/***/.local/lib/python3.11/site-packages/pytesseract/__init__.py", line 2, in <module>
[2026-03-18T13:42:54.080+0000] {subprocess.py:93} INFO -     from .pytesseract import ALTONotSupported
[2026-03-18T13:42:54.081+0000] {subprocess.py:93} INFO -   File "/home/***/.local/lib/python3.11/site-packages/pytesseract/pytesseract.py", line 42, in <module>
[2026-03-18T13:42:54.083+0000] {subprocess.py:93} INFO -     import pandas as pd
[2026-03-18T13:42:54.085+0000] {subprocess.py:93} INFO -   File "/home/***/.local/lib/python3.11/site-packages/pandas/__init__.py", line 46, in <module>
[2026-03-18T13:42:54.087+0000] {subprocess.py:93} INFO -     from pandas.core.api import (
[2026-03-18T13:42:54.088+0000] {subprocess.py:93} INFO -   File "/home/***/.local/lib/python3.11/site-packages/pandas/core/api.py", line 1, in <module>
[2026-03-18T13:42:54.090+0000] {subprocess.py:93} INFO -     from pandas._libs import (
[2026-03-18T13:42:54.091+0000] {subprocess.py:93} INFO -   File "/home/***/.local/lib/python3.11/site-packages/pandas/_libs/__init__.py", line 18, in <module>
[2026-03-18T13:42:54.093+0000] {subprocess.py:93} INFO -     from pandas._libs.interval import Interval
[2026-03-18T13:42:54.094+0000] {subprocess.py:93} INFO -   File "interval.pyx", line 1, in init pandas._libs.interval
[2026-03-18T13:42:54.095+0000] {subprocess.py:93} INFO - ValueError: numpy.dtype size changed, may indicate binary incompatibility. Expected 96 from C header, got 88 from PyObject
[2026-03-18T13:42:54.214+0000] {subprocess.py:97} INFO - Command exited with return code 1
[2026-03-18T13:42:54.244+0000] {taskinstance.py:3301} ERROR - Task failed with exception
Traceback (most recent call last):
  File "/home/airflow/.local/lib/python3.11/site-packages/airflow/models/taskinstance.py", line 767, in _execute_task
    result = _execute_callable(context=context, **execute_callable_kwargs)
             ^^^^^^^^^^^^^^^^^^^^^^^^^^^^^^^^^^^^^^^^^^^^^^^^^^^^^^^^^^^^^
  File "/home/airflow/.local/lib/python3.11/site-packages/airflow/models/taskinstance.py", line 733, in _execute_callable
    return ExecutionCallableRunner(
           ^^^^^^^^^^^^^^^^^^^^^^^^
  File "/home/airflow/.local/lib/python3.11/site-packages/airflow/utils/operator_helpers.py", line 252, in run
    return self.func(*args, **kwargs)
           ^^^^^^^^^^^^^^^^^^^^^^^^^^
  File "/home/airflow/.local/lib/python3.11/site-packages/airflow/models/baseoperator.py", line 406, in wrapper
    return func(self, *args, **kwargs)
           ^^^^^^^^^^^^^^^^^^^^^^^^^^^
  File "/home/airflow/.local/lib/python3.11/site-packages/airflow/operators/bash.py", line 249, in execute
    raise AirflowException(
airflow.exceptions.AirflowException: Bash command failed. The command returned a non-zero exit code 1.
[2026-03-18T13:42:54.297+0000] {taskinstance.py:1225} INFO - Marking task as UP_FOR_RETRY. dag_id=hkt_mia_pipeline, task_id=build_clean, run_id=manual__2026-03-18T13:42:44.852110+00:00, execution_date=20260318T134244, start_date=20260318T134249, end_date=20260318T134254
[2026-03-18T13:42:54.355+0000] {taskinstance.py:340} INFO - ::group::Post task execution logs
[2026-03-18T13:42:54.357+0000] {standard_task_runner.py:124} ERROR - Failed to execute job 2 for task build_clean (Bash command failed. The command returned a non-zero exit code 1.; 183)
Traceback (most recent call last):
  File "/home/airflow/.local/lib/python3.11/site-packages/airflow/task/task_runner/standard_task_runner.py", line 117, in _start_by_fork
    ret = args.func(args, dag=self.dag)
          ^^^^^^^^^^^^^^^^^^^^^^^^^^^^^
  File "/home/airflow/.local/lib/python3.11/site-packages/airflow/cli/cli_config.py", line 49, in command
    return func(*args, **kwargs)
           ^^^^^^^^^^^^^^^^^^^^^
  File "/home/airflow/.local/lib/python3.11/site-packages/airflow/utils/cli.py", line 115, in wrapper
    return f(*args, **kwargs)
           ^^^^^^^^^^^^^^^^^^
  File "/home/airflow/.local/lib/python3.11/site-packages/airflow/cli/commands/task_command.py", line 483, in task_run
    task_return_code = _run_task_by_selected_method(args, _dag, ti)
                       ^^^^^^^^^^^^^^^^^^^^^^^^^^^^^^^^^^^^^^^^^^^^
  File "/home/airflow/.local/lib/python3.11/site-packages/airflow/cli/commands/task_command.py", line 256, in _run_task_by_selected_method
    return _run_raw_task(args, ti)
           ^^^^^^^^^^^^^^^^^^^^^^^
  File "/home/airflow/.local/lib/python3.11/site-packages/airflow/cli/commands/task_command.py", line 341, in _run_raw_task
    return ti._run_raw_task(
           ^^^^^^^^^^^^^^^^^
  File "/home/airflow/.local/lib/python3.11/site-packages/airflow/utils/session.py", line 97, in wrapper
    return func(*args, session=session, **kwargs)
           ^^^^^^^^^^^^^^^^^^^^^^^^^^^^^^^^^^^^^^
  File "/home/airflow/.local/lib/python3.11/site-packages/airflow/models/taskinstance.py", line 2995, in _run_raw_task
    return _run_raw_task(
           ^^^^^^^^^^^^^^
  File "/home/airflow/.local/lib/python3.11/site-packages/airflow/models/taskinstance.py", line 273, in _run_raw_task
    TaskInstance._execute_task_with_callbacks(
  File "/home/airflow/.local/lib/python3.11/site-packages/airflow/models/taskinstance.py", line 3149, in _execute_task_with_callbacks
    result = self._execute_task(context, task_orig)
             ^^^^^^^^^^^^^^^^^^^^^^^^^^^^^^^^^^^^^^
  File "/home/airflow/.local/lib/python3.11/site-packages/airflow/models/taskinstance.py", line 3173, in _execute_task
    return _execute_task(self, context, task_orig)
           ^^^^^^^^^^^^^^^^^^^^^^^^^^^^^^^^^^^^^^^
  File "/home/airflow/.local/lib/python3.11/site-packages/airflow/models/taskinstance.py", line 767, in _execute_task
    result = _execute_callable(context=context, **execute_callable_kwargs)
             ^^^^^^^^^^^^^^^^^^^^^^^^^^^^^^^^^^^^^^^^^^^^^^^^^^^^^^^^^^^^^
  File "/home/airflow/.local/lib/python3.11/site-packages/airflow/models/taskinstance.py", line 733, in _execute_callable
    return ExecutionCallableRunner(
           ^^^^^^^^^^^^^^^^^^^^^^^^
  File "/home/airflow/.local/lib/python3.11/site-packages/airflow/utils/operator_helpers.py", line 252, in run
    return self.func(*args, **kwargs)
           ^^^^^^^^^^^^^^^^^^^^^^^^^^
  File "/home/airflow/.local/lib/python3.11/site-packages/airflow/models/baseoperator.py", line 406, in wrapper
    return func(self, *args, **kwargs)
           ^^^^^^^^^^^^^^^^^^^^^^^^^^^
  File "/home/airflow/.local/lib/python3.11/site-packages/airflow/operators/bash.py", line 249, in execute
    raise AirflowException(
airflow.exceptions.AirflowException: Bash command failed. The command returned a non-zero exit code 1.
[2026-03-18T13:42:54.401+0000] {local_task_job_runner.py:261} INFO - Task exited with return code 1
[2026-03-18T13:42:54.453+0000] {taskinstance.py:3891} INFO - 0 downstream tasks scheduled from follow-on schedule check
[2026-03-18T13:42:54.463+0000] {local_task_job_runner.py:240} INFO - ::endgroup::
