[2026-03-18T14:01:48.995+0000] {local_task_job_runner.py:123} INFO - ::group::Pre task execution logs
[2026-03-18T14:01:49.049+0000] {taskinstance.py:2603} INFO - Dependencies all met for dep_context=non-requeueable deps ti=<TaskInstance: hkt_mia_pipeline.build_clean manual__2026-03-18T13:42:44.852110+00:00 [queued]>
[2026-03-18T14:01:49.095+0000] {taskinstance.py:2603} INFO - Dependencies all met for dep_context=requeueable deps ti=<TaskInstance: hkt_mia_pipeline.build_clean manual__2026-03-18T13:42:44.852110+00:00 [queued]>
[2026-03-18T14:01:49.101+0000] {taskinstance.py:2856} INFO - Starting attempt 2 of 2
[2026-03-18T14:01:49.132+0000] {taskinstance.py:2879} INFO - Executing <Task(BashOperator): build_clean> on 2026-03-18 13:42:44.852110+00:00
[2026-03-18T14:01:49.193+0000] {standard_task_runner.py:72} INFO - Started process 168 to run task
[2026-03-18T14:01:49.197+0000] {standard_task_runner.py:104} INFO - Running: ['***', 'tasks', 'run', 'hkt_mia_pipeline', 'build_clean', 'manual__2026-03-18T13:42:44.852110+00:00', '--job-id', '4', '--raw', '--subdir', 'DAGS_FOLDER/hkt_mia_pipeline_dag.py', '--cfg-path', '/tmp/tmpu0rrnpwt']
[2026-03-18T14:01:49.257+0000] {standard_task_runner.py:105} INFO - Job 4: Subtask build_clean
[2026-03-18T14:01:49.683+0000] {task_command.py:467} INFO - Running <TaskInstance: hkt_mia_pipeline.build_clean manual__2026-03-18T13:42:44.852110+00:00 [running]> on host ae3e5b35105b
[2026-03-18T14:01:50.275+0000] {taskinstance.py:3122} INFO - Exporting env vars: AIRFLOW_CTX_DAG_OWNER='hkt-mia' AIRFLOW_CTX_DAG_ID='hkt_mia_pipeline' AIRFLOW_CTX_TASK_ID='build_clean' AIRFLOW_CTX_EXECUTION_DATE='2026-03-18T13:42:44.852110+00:00' AIRFLOW_CTX_TRY_NUMBER='2' AIRFLOW_CTX_DAG_RUN_ID='manual__2026-03-18T13:42:44.852110+00:00'
[2026-03-18T14:01:50.284+0000] {taskinstance.py:731} INFO - ::endgroup::
[2026-03-18T14:01:50.503+0000] {subprocess.py:63} INFO - Tmp dir root location: /tmp
[2026-03-18T14:01:50.516+0000] {subprocess.py:75} INFO - Running command: ['/usr/bin/bash', '-c', 'cd /opt/*** && python /opt/***/scripts/build_clean.py']
[2026-03-18T14:01:50.594+0000] {subprocess.py:86} INFO - Output:
[2026-03-18T14:02:16.984+0000] {subprocess.py:93} INFO - [CLEAN] /opt/***/data/clean/scenario_01_normal/bon_commande_ocr.json
[2026-03-18T14:02:17.035+0000] {subprocess.py:93} INFO - [CLEAN] /opt/***/data/clean/scenario_01_normal/devis_ocr.json
[2026-03-18T14:02:17.038+0000] {subprocess.py:93} INFO - [CLEAN] /opt/***/data/clean/scenario_01_normal/facture_ocr.json
[2026-03-18T14:02:17.040+0000] {subprocess.py:93} INFO - [CLEAN] /opt/***/data/clean/scenario_02_siren_mismatch/bon_commande_ocr.json
[2026-03-18T14:02:17.043+0000] {subprocess.py:93} INFO - [CLEAN] /opt/***/data/clean/scenario_02_siren_mismatch/devis_ocr.json
[2026-03-18T14:02:17.045+0000] {subprocess.py:93} INFO - [CLEAN] /opt/***/data/clean/scenario_02_siren_mismatch/facture_ocr.json
[2026-03-18T14:02:17.047+0000] {subprocess.py:93} INFO - [CLEAN] /opt/***/data/clean/scenario_03_fake_total/bon_commande_ocr.json
[2026-03-18T14:02:17.050+0000] {subprocess.py:93} INFO - [CLEAN] /opt/***/data/clean/scenario_03_fake_total/devis_ocr.json
[2026-03-18T14:02:17.053+0000] {subprocess.py:93} INFO - [CLEAN] /opt/***/data/clean/scenario_03_fake_total/facture_ocr.json
[2026-03-18T14:02:18.464+0000] {subprocess.py:97} INFO - Command exited with return code 0
[2026-03-18T14:02:19.781+0000] {taskinstance.py:340} INFO - ::group::Post task execution logs
[2026-03-18T14:02:19.786+0000] {taskinstance.py:352} INFO - Marking task as SUCCESS. dag_id=hkt_mia_pipeline, task_id=build_clean, run_id=manual__2026-03-18T13:42:44.852110+00:00, execution_date=20260318T134244, start_date=20260318T140149, end_date=20260318T140219
[2026-03-18T14:02:19.922+0000] {local_task_job_runner.py:261} INFO - Task exited with return code 0
[2026-03-18T14:02:20.101+0000] {taskinstance.py:3891} INFO - 1 downstream tasks scheduled from follow-on schedule check
[2026-03-18T14:02:20.113+0000] {local_task_job_runner.py:240} INFO - ::endgroup::
