[2026-03-18T15:21:19.579+0000] {local_task_job_runner.py:123} INFO - ::group::Pre task execution logs
[2026-03-18T15:21:19.623+0000] {taskinstance.py:2603} INFO - Dependencies all met for dep_context=non-requeueable deps ti=<TaskInstance: hkt_mia_pipeline.build_curated manual__2026-03-18T15:20:48.994412+00:00 [queued]>
[2026-03-18T15:21:19.655+0000] {taskinstance.py:2603} INFO - Dependencies all met for dep_context=requeueable deps ti=<TaskInstance: hkt_mia_pipeline.build_curated manual__2026-03-18T15:20:48.994412+00:00 [queued]>
[2026-03-18T15:21:19.662+0000] {taskinstance.py:2856} INFO - Starting attempt 1 of 2
[2026-03-18T15:21:19.700+0000] {taskinstance.py:2879} INFO - Executing <Task(BashOperator): build_curated> on 2026-03-18 15:20:48.994412+00:00
[2026-03-18T15:21:19.717+0000] {standard_task_runner.py:72} INFO - Started process 417 to run task
[2026-03-18T15:21:19.728+0000] {standard_task_runner.py:104} INFO - Running: ['***', 'tasks', 'run', 'hkt_mia_pipeline', 'build_curated', 'manual__2026-03-18T15:20:48.994412+00:00', '--job-id', '14', '--raw', '--subdir', 'DAGS_FOLDER/hkt_mia_pipeline_dag.py', '--cfg-path', '/tmp/tmpdpc6n8yb']
[2026-03-18T15:21:19.744+0000] {standard_task_runner.py:105} INFO - Job 14: Subtask build_curated
[2026-03-18T15:21:19.965+0000] {task_command.py:467} INFO - Running <TaskInstance: hkt_mia_pipeline.build_curated manual__2026-03-18T15:20:48.994412+00:00 [running]> on host f76ef240ceb5
[2026-03-18T15:21:20.119+0000] {taskinstance.py:3122} INFO - Exporting env vars: AIRFLOW_CTX_DAG_OWNER='hkt-mia' AIRFLOW_CTX_DAG_ID='hkt_mia_pipeline' AIRFLOW_CTX_TASK_ID='build_curated' AIRFLOW_CTX_EXECUTION_DATE='2026-03-18T15:20:48.994412+00:00' AIRFLOW_CTX_TRY_NUMBER='1' AIRFLOW_CTX_DAG_RUN_ID='manual__2026-03-18T15:20:48.994412+00:00'
[2026-03-18T15:21:20.121+0000] {taskinstance.py:731} INFO - ::endgroup::
[2026-03-18T15:21:20.159+0000] {subprocess.py:63} INFO - Tmp dir root location: /tmp
[2026-03-18T15:21:20.173+0000] {subprocess.py:75} INFO - Running command: ['/usr/bin/bash', '-c', 'cd /opt/*** && python /opt/***/scripts/build_curated.py']
[2026-03-18T15:21:20.186+0000] {subprocess.py:86} INFO - Output:
[2026-03-18T15:21:22.157+0000] {subprocess.py:93} INFO - [CURATED] /opt/***/data/curated/scenario_01_normal/bon_commande_structured.json
[2026-03-18T15:21:22.159+0000] {subprocess.py:93} INFO - [CURATED] /opt/***/data/curated/scenario_01_normal/devis_structured.json
[2026-03-18T15:21:22.161+0000] {subprocess.py:93} INFO - [CURATED] /opt/***/data/curated/scenario_01_normal/facture_structured.json
[2026-03-18T15:21:22.166+0000] {subprocess.py:93} INFO - [CURATED] /opt/***/data/curated/scenario_02_siren_mismatch/bon_commande_structured.json
[2026-03-18T15:21:22.168+0000] {subprocess.py:93} INFO - [CURATED] /opt/***/data/curated/scenario_02_siren_mismatch/devis_structured.json
[2026-03-18T15:21:22.169+0000] {subprocess.py:93} INFO - [CURATED] /opt/***/data/curated/scenario_02_siren_mismatch/facture_structured.json
[2026-03-18T15:21:22.171+0000] {subprocess.py:93} INFO - [CURATED] /opt/***/data/curated/scenario_03_fake_total/bon_commande_structured.json
[2026-03-18T15:21:22.173+0000] {subprocess.py:93} INFO - [CURATED] /opt/***/data/curated/scenario_03_fake_total/devis_structured.json
[2026-03-18T15:21:22.175+0000] {subprocess.py:93} INFO - [CURATED] /opt/***/data/curated/scenario_03_fake_total/facture_structured.json
[2026-03-18T15:21:22.368+0000] {subprocess.py:97} INFO - Command exited with return code 0
[2026-03-18T15:21:22.451+0000] {taskinstance.py:340} INFO - ::group::Post task execution logs
[2026-03-18T15:21:22.453+0000] {taskinstance.py:352} INFO - Marking task as SUCCESS. dag_id=hkt_mia_pipeline, task_id=build_curated, run_id=manual__2026-03-18T15:20:48.994412+00:00, execution_date=20260318T152048, start_date=20260318T152119, end_date=20260318T152122
[2026-03-18T15:21:22.495+0000] {local_task_job_runner.py:261} INFO - Task exited with return code 0
[2026-03-18T15:21:22.525+0000] {taskinstance.py:3891} INFO - 1 downstream tasks scheduled from follow-on schedule check
[2026-03-18T15:21:22.533+0000] {local_task_job_runner.py:240} INFO - ::endgroup::
