[2026-03-18T15:20:54.919+0000] {local_task_job_runner.py:123} INFO - ::group::Pre task execution logs
[2026-03-18T15:20:55.688+0000] {taskinstance.py:2603} INFO - Dependencies all met for dep_context=non-requeueable deps ti=<TaskInstance: hkt_mia_pipeline.build_clean manual__2026-03-18T15:20:48.994412+00:00 [queued]>
[2026-03-18T15:20:55.750+0000] {taskinstance.py:2603} INFO - Dependencies all met for dep_context=requeueable deps ti=<TaskInstance: hkt_mia_pipeline.build_clean manual__2026-03-18T15:20:48.994412+00:00 [queued]>
[2026-03-18T15:20:55.752+0000] {taskinstance.py:2856} INFO - Starting attempt 1 of 2
[2026-03-18T15:20:55.818+0000] {taskinstance.py:2879} INFO - Executing <Task(BashOperator): build_clean> on 2026-03-18 15:20:48.994412+00:00
[2026-03-18T15:20:55.848+0000] {standard_task_runner.py:72} INFO - Started process 333 to run task
[2026-03-18T15:20:55.889+0000] {standard_task_runner.py:104} INFO - Running: ['***', 'tasks', 'run', 'hkt_mia_pipeline', 'build_clean', 'manual__2026-03-18T15:20:48.994412+00:00', '--job-id', '13', '--raw', '--subdir', 'DAGS_FOLDER/hkt_mia_pipeline_dag.py', '--cfg-path', '/tmp/tmp4sd2133e']
[2026-03-18T15:20:55.914+0000] {standard_task_runner.py:105} INFO - Job 13: Subtask build_clean
[2026-03-18T15:20:56.245+0000] {task_command.py:467} INFO - Running <TaskInstance: hkt_mia_pipeline.build_clean manual__2026-03-18T15:20:48.994412+00:00 [running]> on host f76ef240ceb5
[2026-03-18T15:20:56.490+0000] {taskinstance.py:3122} INFO - Exporting env vars: AIRFLOW_CTX_DAG_OWNER='hkt-mia' AIRFLOW_CTX_DAG_ID='hkt_mia_pipeline' AIRFLOW_CTX_TASK_ID='build_clean' AIRFLOW_CTX_EXECUTION_DATE='2026-03-18T15:20:48.994412+00:00' AIRFLOW_CTX_TRY_NUMBER='1' AIRFLOW_CTX_DAG_RUN_ID='manual__2026-03-18T15:20:48.994412+00:00'
[2026-03-18T15:20:56.495+0000] {taskinstance.py:731} INFO - ::endgroup::
[2026-03-18T15:20:56.655+0000] {subprocess.py:63} INFO - Tmp dir root location: /tmp
[2026-03-18T15:20:56.677+0000] {subprocess.py:75} INFO - Running command: ['/usr/bin/bash', '-c', 'cd /opt/*** && python /opt/***/scripts/build_clean.py']
[2026-03-18T15:20:56.706+0000] {subprocess.py:86} INFO - Output:
[2026-03-18T15:21:16.892+0000] {subprocess.py:93} INFO - [CLEAN] /opt/***/data/clean/scenario_01_normal/bon_commande_ocr.json
[2026-03-18T15:21:16.965+0000] {subprocess.py:93} INFO - [CLEAN] /opt/***/data/clean/scenario_01_normal/devis_ocr.json
[2026-03-18T15:21:16.967+0000] {subprocess.py:93} INFO - [CLEAN] /opt/***/data/clean/scenario_01_normal/facture_ocr.json
[2026-03-18T15:21:16.969+0000] {subprocess.py:93} INFO - [CLEAN] /opt/***/data/clean/scenario_02_siren_mismatch/bon_commande_ocr.json
[2026-03-18T15:21:16.970+0000] {subprocess.py:93} INFO - [CLEAN] /opt/***/data/clean/scenario_02_siren_mismatch/devis_ocr.json
[2026-03-18T15:21:16.971+0000] {subprocess.py:93} INFO - [CLEAN] /opt/***/data/clean/scenario_02_siren_mismatch/facture_ocr.json
[2026-03-18T15:21:16.974+0000] {subprocess.py:93} INFO - [CLEAN] /opt/***/data/clean/scenario_03_fake_total/bon_commande_ocr.json
[2026-03-18T15:21:16.982+0000] {subprocess.py:93} INFO - [CLEAN] /opt/***/data/clean/scenario_03_fake_total/devis_ocr.json
[2026-03-18T15:21:16.992+0000] {subprocess.py:93} INFO - [CLEAN] /opt/***/data/clean/scenario_03_fake_total/facture_ocr.json
[2026-03-18T15:21:17.357+0000] {subprocess.py:97} INFO - Command exited with return code 0
[2026-03-18T15:21:17.697+0000] {taskinstance.py:340} INFO - ::group::Post task execution logs
[2026-03-18T15:21:17.702+0000] {taskinstance.py:352} INFO - Marking task as SUCCESS. dag_id=hkt_mia_pipeline, task_id=build_clean, run_id=manual__2026-03-18T15:20:48.994412+00:00, execution_date=20260318T152048, start_date=20260318T152055, end_date=20260318T152117
[2026-03-18T15:21:17.794+0000] {local_task_job_runner.py:261} INFO - Task exited with return code 0
[2026-03-18T15:21:17.937+0000] {taskinstance.py:3891} INFO - 1 downstream tasks scheduled from follow-on schedule check
[2026-03-18T15:21:17.945+0000] {local_task_job_runner.py:240} INFO - ::endgroup::
